2024-08-09 13:22:02,231 DEBUG    root            Loaded Command Group: ['gcloud', 'components']
2024-08-09 13:22:02,234 DEBUG    root            Loaded Command Group: ['gcloud', 'components', 'update']
2024-08-09 13:22:02,236 DEBUG    root            Running [gcloud.components.update] with arguments: [--quiet: "True", COMPONENT-IDS:8: "['gcloud', 'core', 'bq', 'gsutil', 'compute', 'preview', 'alpha', 'beta']"]
2024-08-09 13:22:02,237 INFO     ___FILE_ONLY___ Beginning update. This process may take several minutes.

2024-08-09 13:22:02,247 DEBUG    urllib3.connectionpool Starting new HTTPS connection (1): dl.google.com:443
2024-08-09 13:22:02,329 DEBUG    urllib3.connectionpool https://dl.google.com:443 "GET /dl/cloudsdk/channels/rapid/components-2.json HTTP/1.1" 200 223380
2024-08-09 13:22:02,345 WARNING  root            Component [compute] no longer exists.
2024-08-09 13:22:02,345 WARNING  root            Component [preview] no longer exists.
2024-08-09 13:22:02,346 INFO     ___FILE_ONLY___ 

2024-08-09 13:22:02,346 INFO     ___FILE_ONLY___ 
Your current Google Cloud CLI version is: 487.0.0

2024-08-09 13:22:02,346 INFO     ___FILE_ONLY___ Installing components from version: 487.0.0

2024-08-09 13:22:02,346 INFO     ___FILE_ONLY___ 

2024-08-09 13:22:02,347 DEBUG    root            Chosen display Format:table[box,title="These components will be removed."](details.display_name:label=Name:align=left,version.version_string:label=Version:align=right,data.size.size(zero="",min=1048576):label=Size:align=right)
2024-08-09 13:22:02,347 DEBUG    root            Chosen display Format:table[box,title="These components will be updated."](details.display_name:label=Name:align=left,version.version_string:label=Version:align=right,data.size.size(zero="",min=1048576):label=Size:align=right)
2024-08-09 13:22:02,348 DEBUG    root            Chosen display Format:table[box,title="These components will be installed."](details.display_name:label=Name:align=left,version.version_string:label=Version:align=right,data.size.size(zero="",min=1048576):label=Size:align=right)
2024-08-09 13:22:02,365 INFO     ___FILE_ONLY___ ┌──────────────────────────────────────────────┐
2024-08-09 13:22:02,365 INFO     ___FILE_ONLY___ 

2024-08-09 13:22:02,365 INFO     ___FILE_ONLY___ │     These components will be installed.      │
2024-08-09 13:22:02,365 INFO     ___FILE_ONLY___ 

2024-08-09 13:22:02,365 INFO     ___FILE_ONLY___ ├───────────────────────┬────────────┬─────────┤
2024-08-09 13:22:02,365 INFO     ___FILE_ONLY___ 

2024-08-09 13:22:02,365 INFO     ___FILE_ONLY___ │          Name         │  Version   │   Size  │
2024-08-09 13:22:02,366 INFO     ___FILE_ONLY___ 

2024-08-09 13:22:02,366 INFO     ___FILE_ONLY___ ├───────────────────────┼────────────┼─────────┤
2024-08-09 13:22:02,366 INFO     ___FILE_ONLY___ 

2024-08-09 13:22:02,366 INFO     ___FILE_ONLY___ │ 
2024-08-09 13:22:02,366 INFO     ___FILE_ONLY___ gcloud Alpha Commands
2024-08-09 13:22:02,366 INFO     ___FILE_ONLY___  
2024-08-09 13:22:02,366 INFO     ___FILE_ONLY___ │ 
2024-08-09 13:22:02,366 INFO     ___FILE_ONLY___ 2024.08.06
2024-08-09 13:22:02,366 INFO     ___FILE_ONLY___  
2024-08-09 13:22:02,366 INFO     ___FILE_ONLY___ │ 
2024-08-09 13:22:02,366 INFO     ___FILE_ONLY___ < 1 MiB
2024-08-09 13:22:02,366 INFO     ___FILE_ONLY___  
2024-08-09 13:22:02,366 INFO     ___FILE_ONLY___ │
2024-08-09 13:22:02,366 INFO     ___FILE_ONLY___ 

2024-08-09 13:22:02,366 INFO     ___FILE_ONLY___ │ 
2024-08-09 13:22:02,366 INFO     ___FILE_ONLY___ gcloud Beta Commands 
2024-08-09 13:22:02,367 INFO     ___FILE_ONLY___  
2024-08-09 13:22:02,367 INFO     ___FILE_ONLY___ │ 
2024-08-09 13:22:02,367 INFO     ___FILE_ONLY___ 2024.08.06
2024-08-09 13:22:02,367 INFO     ___FILE_ONLY___  
2024-08-09 13:22:02,367 INFO     ___FILE_ONLY___ │ 
2024-08-09 13:22:02,367 INFO     ___FILE_ONLY___ < 1 MiB
2024-08-09 13:22:02,367 INFO     ___FILE_ONLY___  
2024-08-09 13:22:02,367 INFO     ___FILE_ONLY___ │
2024-08-09 13:22:02,367 INFO     ___FILE_ONLY___ 

2024-08-09 13:22:02,367 INFO     ___FILE_ONLY___ └───────────────────────┴────────────┴─────────┘
2024-08-09 13:22:02,367 INFO     ___FILE_ONLY___ 

2024-08-09 13:22:02,367 INFO     ___FILE_ONLY___ 

2024-08-09 13:22:02,370 DEBUG    urllib3.connectionpool Starting new HTTPS connection (1): dl.google.com:443
2024-08-09 13:22:02,513 DEBUG    urllib3.connectionpool https://dl.google.com:443 "GET /dl/cloudsdk/channels/rapid/RELEASE_NOTES HTTP/1.1" 200 1252673
2024-08-09 13:22:02,547 INFO     ___FILE_ONLY___ For the latest full release notes, please visit:
  https://cloud.google.com/sdk/release_notes


2024-08-09 13:22:02,548 INFO     ___FILE_ONLY___ Performing in place update...


2024-08-09 13:22:02,550 INFO     ___FILE_ONLY___ ╔════════════════════════════════════════════════════════════╗

2024-08-09 13:22:02,550 INFO     ___FILE_ONLY___ ╠═ Downloading: gcloud Alpha Commands                       ═╣

2024-08-09 13:22:02,550 INFO     ___FILE_ONLY___ ╚
2024-08-09 13:22:02,553 DEBUG    urllib3.connectionpool Starting new HTTPS connection (1): dl.google.com:443
2024-08-09 13:22:02,713 DEBUG    urllib3.connectionpool https://dl.google.com:443 "GET /dl/cloudsdk/channels/rapid/components/google-cloud-sdk-alpha-20240806142304.tar.gz HTTP/1.1" 200 800
2024-08-09 13:22:02,714 INFO     ___FILE_ONLY___ ════════════════════════════════════════════════════════════
2024-08-09 13:22:02,714 INFO     ___FILE_ONLY___ ╝

2024-08-09 13:22:02,716 INFO     ___FILE_ONLY___ ╔════════════════════════════════════════════════════════════╗

2024-08-09 13:22:02,716 INFO     ___FILE_ONLY___ ╠═ Downloading: gcloud Beta Commands                        ═╣

2024-08-09 13:22:02,716 INFO     ___FILE_ONLY___ ╚
2024-08-09 13:22:02,719 DEBUG    urllib3.connectionpool Starting new HTTPS connection (1): dl.google.com:443
2024-08-09 13:22:02,855 DEBUG    urllib3.connectionpool https://dl.google.com:443 "GET /dl/cloudsdk/channels/rapid/components/google-cloud-sdk-beta-20240806142304.tar.gz HTTP/1.1" 200 797
2024-08-09 13:22:02,856 INFO     ___FILE_ONLY___ ════════════════════════════════════════════════════════════
2024-08-09 13:22:02,856 INFO     ___FILE_ONLY___ ╝

2024-08-09 13:22:02,858 INFO     ___FILE_ONLY___ ╔════════════════════════════════════════════════════════════╗

2024-08-09 13:22:02,858 INFO     ___FILE_ONLY___ ╠═ Installing: gcloud Alpha Commands                        ═╣

2024-08-09 13:22:02,858 INFO     ___FILE_ONLY___ ╚
2024-08-09 13:22:02,859 INFO     ___FILE_ONLY___ ════════════════════════════════════════════════════════════
2024-08-09 13:22:02,859 INFO     ___FILE_ONLY___ ╝

2024-08-09 13:22:02,867 INFO     ___FILE_ONLY___ ╔════════════════════════════════════════════════════════════╗

2024-08-09 13:22:02,867 INFO     ___FILE_ONLY___ ╠═ Installing: gcloud Beta Commands                         ═╣

2024-08-09 13:22:02,867 INFO     ___FILE_ONLY___ ╚
2024-08-09 13:22:02,868 INFO     ___FILE_ONLY___ ════════════════════════════════════════════════════════════
2024-08-09 13:22:02,868 INFO     ___FILE_ONLY___ ╝

2024-08-09 13:22:02,875 DEBUG    root            Updating notification cache...
2024-08-09 13:22:02,876 INFO     ___FILE_ONLY___ 

2024-08-09 13:22:02,878 INFO     ___FILE_ONLY___ Performing post processing steps...
2024-08-09 13:22:02,878 DEBUG    root            Executing command: ['/tools/google-cloud-sdk/bin/gcloud', 'components', 'post-process']
2024-08-09 13:22:12,279 DEBUG    ___FILE_ONLY___ 
2024-08-09 13:22:12,280 DEBUG    ___FILE_ONLY___ 
2024-08-09 13:22:12,404 INFO     ___FILE_ONLY___ 
Update done!


2024-08-09 13:22:12,407 DEBUG    root            Chosen display Format:none
2024-08-09 13:22:12,407 INFO     root            Display format: "none"
